<?xml version="1.0" encoding="UTF-8"?>
<!-- Generated by org.testng.reporters.JUnitReportReporter -->
<testsuite skipped="0" hostname="4zj1rc2" name="tests.Tests" tests="4" failures="0" timestamp="18 mar 2019 21:22:33 GMT" time="56.892" errors="0">
  <testcase name="pruebaTres" time="17.402" classname="tests.Tests"/>
  <testcase name="pruebaCantidadDeCampos" time="4.455" classname="tests.Tests"/>
  <testcase name="loginIncorrecto" time="17.390" classname="tests.Tests"/>
  <testcase name="login" time="17.645" classname="tests.Tests"/>
</testsuite> <!-- tests.Tests -->
